#
# There is insufficient memory for the Java Runtime Environment to continue.
# Native memory allocation (malloc) failed to allocate 1552336 bytes for Chunk::new
# Possible reasons:
#   The system is out of physical RAM or swap space
#   The process is running with CompressedOops enabled, and the Java Heap may be blocking the growth of the native heap
# Possible solutions:
#   Reduce memory load on the system
#   Increase physical memory or swap space
#   Check if swap backing store is full
#   Decrease Java heap size (-Xmx/-Xms)
#   Decrease number of Java threads
#   Decrease Java thread stack sizes (-Xss)
#   Set larger code cache with -XX:ReservedCodeCacheSize=
#   JVM is running with Unscaled Compressed Oops mode in which the Java heap is
#     placed in the first 4GB address space. The Java Heap base address is the
#     maximum limit for the native heap growth. Please use -XX:HeapBaseMinAddress
#     to set the Java Heap base and to place the Java Heap above 4GB virtual address.
# This output file may be truncated or incomplete.
#
#  Out of Memory Error (allocation.cpp:389), pid=3592, tid=0x0000000000000784
#
# JRE version: OpenJDK Runtime Environment (8.0_212-b04) (build 1.8.0_212-release-1586-b04)
# Java VM: OpenJDK 64-Bit Server VM (25.212-b04 mixed mode windows-amd64 compressed oops)
# Failed to write core dump. Minidumps are not enabled by default on client versions of Windows
#

---------------  T H R E A D  ---------------

Current thread (0x0000000015bc3800):  JavaThread "C2 CompilerThread0" daemon [_thread_in_native, id=1924, stack(0x0000000016c10000,0x0000000016d10000)]

Stack: [0x0000000016c10000,0x0000000016d10000]
[error occurred during error reporting (printing stack bounds), id 0xc0000005]

Native frames: (J=compiled Java code, j=interpreted, Vv=VM code, C=native code)


Current CompileTask:
C2:10185367 29060       4       com.android.utils.PositionXmlParser::getPositionHelper (757 bytes)


---------------  P R O C E S S  ---------------

Java Threads: ( => current thread )
  0x000000001e18c000 JavaThread "WorkerExecutor Queue Thread 2" [_thread_blocked, id=3932, stack(0x0000000026100000,0x0000000026200000)]
  0x000000001e18d800 JavaThread "WorkerExecutor Queue" [_thread_blocked, id=4160, stack(0x0000000026000000,0x0000000026100000)]
  0x000000001e18b800 JavaThread "Cache worker for execution history cache (C:\Users\Edison Ibarra\AndroidStudioProjects\Petagram\.gradle\5.6.4\executionHistory)" [_thread_blocked, id=2020, stack(0x0000000021d90000,0x0000000021e90000)]
  0x000000001e187000 JavaThread "Execution worker for ':'" [_thread_in_native, id=3316, stack(0x0000000021a90000,0x0000000021b90000)]
  0x000000001e189000 JavaThread "Cache worker for file content cache (C:\Users\Edison Ibarra\AndroidStudioProjects\Petagram\.gradle\5.6.4\fileContent)" [_thread_blocked, id=1944, stack(0x0000000020340000,0x0000000020440000)]
  0x000000001e18a000 JavaThread "Cache worker for Build Output Cleanup Cache (C:\Users\Edison Ibarra\AndroidStudioProjects\Petagram\.gradle\buildOutputCleanup)" [_thread_blocked, id=1384, stack(0x000000001fe40000,0x000000001ff40000)]
  0x000000001e186000 JavaThread "Build operations Thread 2" [_thread_blocked, id=1152, stack(0x000000001f940000,0x000000001fa40000)]
  0x000000001e188800 JavaThread "Build operations" [_thread_blocked, id=3296, stack(0x000000001f840000,0x000000001f940000)]
  0x000000001e185800 JavaThread "Cache worker for cache directory md-rule (C:\Users\Edison Ibarra\.gradle\caches\5.6.4\md-rule)" [_thread_blocked, id=652, stack(0x000000001ef40000,0x000000001f040000)]
  0x000000001e187800 JavaThread "Cache worker for cache directory md-supplier (C:\Users\Edison Ibarra\.gradle\caches\5.6.4\md-supplier)" [_thread_blocked, id=3884, stack(0x000000001d270000,0x000000001d370000)]
  0x000000001e184800 JavaThread "Cache worker for file hash cache (C:\Users\Edison Ibarra\AndroidStudioProjects\Petagram\.gradle\5.6.4\fileHashes)" [_thread_blocked, id=4488, stack(0x000000001cb60000,0x000000001cc60000)]
  0x000000001e181000 JavaThread "Thread-1087" [_thread_blocked, id=3596, stack(0x000000001c460000,0x000000001c560000)]
  0x000000001e184000 JavaThread "Stdin handler" [_thread_blocked, id=5004, stack(0x000000001ac90000,0x000000001ad90000)]
  0x000000001e180000 JavaThread "Asynchronous log dispatcher for DefaultDaemonConnection: socket connection from /127.0.0.1:51535 to /127.0.0.1:52697" [_thread_blocked, id=768, stack(0x000000001aa90000,0x000000001ab90000)]
  0x000000001e182800 JavaThread "Cancel handler" [_thread_blocked, id=720, stack(0x000000001a890000,0x000000001a990000)]
  0x000000001e183000 JavaThread "Handler for socket connection from /127.0.0.1:51535 to /127.0.0.1:52697" [_thread_in_native, id=1928, stack(0x000000001a590000,0x000000001a690000)]
  0x000000001e17f800 JavaThread "Daemon worker Thread 27" [_thread_blocked, id=3928, stack(0x000000001a990000,0x000000001aa90000)]
  0x000000001e181800 JavaThread "Daemon Thread 27" [_thread_blocked, id=3880, stack(0x000000001a490000,0x000000001a590000)]
  0x000000001dc70000 JavaThread "MarlinRenderer Disposer" daemon [_thread_blocked, id=3404, stack(0x0000000026310000,0x0000000026410000)]
  0x000000001dc6a800 JavaThread "Java2D Disposer" daemon [_thread_blocked, id=3452, stack(0x0000000025700000,0x0000000025800000)]
  0x00000000179a5000 JavaThread "Cache worker for Java compile cache (C:\Users\Edison Ibarra\.gradle\caches\5.6.4\javaCompile)" [_thread_blocked, id=584, stack(0x000000001ab90000,0x000000001ac90000)]
  0x00000000179a6800 JavaThread "Cache worker for file content cache (C:\Users\Edison Ibarra\.gradle\caches\5.6.4\fileContent)" [_thread_blocked, id=988, stack(0x000000001fd40000,0x000000001fe40000)]
  0x00000000179a2800 JavaThread "Memory manager" [_thread_blocked, id=3532, stack(0x000000001fc40000,0x000000001fd40000)]
  0x00000000179a1000 JavaThread "Cache worker for execution history cache (C:\Users\Edison Ibarra\.gradle\caches\5.6.4\executionHistory)" [_thread_blocked, id=4280, stack(0x000000001d470000,0x000000001d570000)]
  0x0000000017de5000 JavaThread "Cache worker for journal cache (C:\Users\Edison Ibarra\.gradle\caches\journal-1)" [_thread_blocked, id=4140, stack(0x000000001b190000,0x000000001b290000)]
  0x0000000017de4800 JavaThread "File lock request listener" [_thread_in_native, id=5044, stack(0x000000001b090000,0x000000001b190000)]
  0x0000000017de6800 JavaThread "Cache worker for file hash cache (C:\Users\Edison Ibarra\.gradle\caches\5.6.4\fileHashes)" [_thread_blocked, id=4600, stack(0x000000001af90000,0x000000001b090000)]
  0x000000001886f000 JavaThread "Daemon periodic checks" [_thread_blocked, id=2516, stack(0x000000001a390000,0x000000001a490000)]
  0x00000000186d5000 JavaThread "Incoming local TCP Connector on port 51535" [_thread_in_native, id=3792, stack(0x000000001a190000,0x000000001a290000)]
  0x0000000018bde800 JavaThread "Daemon health stats" [_thread_blocked, id=4088, stack(0x0000000019bb0000,0x0000000019cb0000)]
  0x0000000015c3a800 JavaThread "Service Thread" daemon [_thread_blocked, id=3380, stack(0x0000000016e10000,0x0000000016f10000)]
  0x0000000015bc6000 JavaThread "C1 CompilerThread1" daemon [_thread_blocked, id=5000, stack(0x0000000016d10000,0x0000000016e10000)]
=>0x0000000015bc3800 JavaThread "C2 CompilerThread0" daemon [_thread_in_native, id=1924, stack(0x0000000016c10000,0x0000000016d10000)]
  0x0000000015bd4000 JavaThread "Attach Listener" daemon [_thread_blocked, id=748, stack(0x0000000016b10000,0x0000000016c10000)]
  0x0000000015bd0800 JavaThread "Signal Dispatcher" daemon [_thread_blocked, id=348, stack(0x0000000016a10000,0x0000000016b10000)]
  0x0000000002496000 JavaThread "Finalizer" daemon [_thread_blocked, id=2904, stack(0x0000000016810000,0x0000000016910000)]
  0x000000000248e000 JavaThread "Reference Handler" daemon [_thread_blocked, id=1556, stack(0x0000000016710000,0x0000000016810000)]
  0x000000000229d800 JavaThread "main" [_thread_blocked, id=3788, stack(0x00000000022a0000,0x00000000023a0000)]

Other Threads:
  0x0000000015b94800 VMThread [stack: 0x0000000016610000,0x0000000016710000] [id=1296]
  0x0000000015c4f000 WatcherThread [stack: 0x0000000016f10000,0x0000000017010000] [id=1968]

VM state:not at safepoint (normal execution)

VM Mutex/Monitor currently owned by a thread: None

heap address: 0x00000000a0000000, size: 1536 MB, Compressed Oops mode: 32-bit
Narrow klass base: 0x0000000000000000, Narrow klass shift: 3
Compressed class space size: 1073741824 Address: 0x0000000100000000

Heap:
 PSYoungGen      total 258560K, used 192629K [0x00000000e0000000, 0x00000000f3800000, 0x0000000100000000)
  eden space 221696K, 84% used [0x00000000e0000000,0x00000000eb5e3148,0x00000000ed880000)
  from space 36864K, 17% used [0x00000000f0000000,0x00000000f063a5a0,0x00000000f2400000)
  to   space 40448K, 0% used [0x00000000ed880000,0x00000000ed880000,0x00000000f0000000)
 ParOldGen       total 130560K, used 112781K [0x00000000a0000000, 0x00000000a7f80000, 0x00000000e0000000)
  object space 130560K, 86% used [0x00000000a0000000,0x00000000a6e23738,0x00000000a7f80000)
 Metaspace       used 99088K, capacity 105866K, committed 107008K, reserved 1142784K
  class space    used 12407K, capacity 13506K, committed 13824K, reserved 1048576K

Card table byte_map: [0x0000000011860000,0x0000000011b70000] byte_map_base: 0x0000000011360000

Marking Bits: (ParMarkBitMap*) 0x0000000069309f30
 Begin Bits: [0x0000000011f70000, 0x0000000013770000)
 End Bits:   [0x0000000013770000, 0x0000000014f70000)

Polling page: 0x0000000000870000

CodeCache: size=245760Kb used=76609Kb max_used=76619Kb free=169150Kb
 bounds [0x00000000024a0000, 0x0000000007000000, 0x00000000114a0000]
 total_blobs=22685 nmethods=21699 adapters=897
 compilation: enabled

Compilation events (10 events):
Event: 10183.006 Thread 0x0000000015bc6000 29106   !   2       com.google.common.io.CharSink::write (55 bytes)
Event: 10183.007 Thread 0x0000000015bc6000 nmethod 29106 0x0000000006fd9350 code [0x0000000006fd9560, 0x0000000006fd9c28]
Event: 10183.051 Thread 0x0000000015bc6000 29107       1       com.android.ide.common.resources.CompileResourceRequest::getInputDirectoryName (5 bytes)
Event: 10183.051 Thread 0x0000000015bc6000 nmethod 29107 0x0000000002a093d0 code [0x0000000002a09520, 0x0000000002a09630]
Event: 10183.051 Thread 0x0000000015bc6000 29108       1       com.android.ide.common.resources.CompileResourceRequest::getInputFileIsFromDependency (5 bytes)
Event: 10183.052 Thread 0x0000000015bc6000 nmethod 29108 0x0000000005651410 code [0x0000000005651560, 0x0000000005651670]
Event: 10183.052 Thread 0x0000000015bc6000 29109       2       com.android.build.gradle.internal.aapt.WorkerExecutorResourceCompilationService::compileOutputFor (25 bytes)
Event: 10183.052 Thread 0x0000000015bc6000 nmethod 29109 0x0000000006fd8e50 code [0x0000000006fd8fe0, 0x0000000006fd9228]
Event: 10183.052 Thread 0x0000000015bc6000 29110       2       java.util.concurrent.ConcurrentLinkedQueue::isEmpty (13 bytes)
Event: 10183.053 Thread 0x0000000015bc6000 nmethod 29110 0x0000000006fd8ad0 code [0x0000000006fd8c40, 0x0000000006fd8dc8]

GC Heap History (10 events):
Event: 9779.735 GC heap before
{Heap before GC invocations=81 (full 5):
 PSYoungGen      total 211456K, used 174056K [0x00000000e0000000, 0x00000000f1600000, 0x0000000100000000)
  eden space 165376K, 100% used [0x00000000e0000000,0x00000000ea180000,0x00000000ea180000)
  from space 46080K, 18% used [0x00000000ea180000,0x00000000ea9fa130,0x00000000ece80000)
  to   space 46080K, 0% used [0x00000000ee900000,0x00000000ee900000,0x00000000f1600000)
 ParOldGen       total 130560K, used 111397K [0x00000000a0000000, 0x00000000a7f80000, 0x00000000e0000000)
  object space 130560K, 85% used [0x00000000a0000000,0x00000000a6cc9570,0x00000000a7f80000)
 Metaspace       used 98670K, capacity 105382K, committed 106752K, reserved 1142784K
  class space    used 12392K, capacity 13480K, committed 13824K, reserved 1048576K
Event: 9779.832 GC heap after
Heap after GC invocations=81 (full 5):
 PSYoungGen      total 233472K, used 10021K [0x00000000e0000000, 0x00000000f1280000, 0x0000000100000000)
  eden space 190976K, 0% used [0x00000000e0000000,0x00000000e0000000,0x00000000eba80000)
  from space 42496K, 23% used [0x00000000ee900000,0x00000000ef2c9620,0x00000000f1280000)
  to   space 45056K, 0% used [0x00000000eba80000,0x00000000eba80000,0x00000000ee680000)
 ParOldGen       total 130560K, used 111557K [0x00000000a0000000, 0x00000000a7f80000, 0x00000000e0000000)
  object space 130560K, 85% used [0x00000000a0000000,0x00000000a6cf1570,0x00000000a7f80000)
 Metaspace       used 98670K, capacity 105382K, committed 106752K, reserved 1142784K
  class space    used 12392K, capacity 13480K, committed 13824K, reserved 1048576K
}
Event: 9919.376 GC heap before
{Heap before GC invocations=82 (full 5):
 PSYoungGen      total 233472K, used 200997K [0x00000000e0000000, 0x00000000f1280000, 0x0000000100000000)
  eden space 190976K, 100% used [0x00000000e0000000,0x00000000eba80000,0x00000000eba80000)
  from space 42496K, 23% used [0x00000000ee900000,0x00000000ef2c9620,0x00000000f1280000)
  to   space 45056K, 0% used [0x00000000eba80000,0x00000000eba80000,0x00000000ee680000)
 ParOldGen       total 130560K, used 111557K [0x00000000a0000000, 0x00000000a7f80000, 0x00000000e0000000)
  object space 130560K, 85% used [0x00000000a0000000,0x00000000a6cf1570,0x00000000a7f80000)
 Metaspace       used 98692K, capacity 105446K, committed 106752K, reserved 1142784K
  class space    used 12392K, capacity 13480K, committed 13824K, reserved 1048576K
Event: 9919.405 GC heap after
Heap after GC invocations=82 (full 5):
 PSYoungGen      total 236032K, used 10549K [0x00000000e0000000, 0x00000000f2b00000, 0x0000000100000000)
  eden space 190976K, 0% used [0x00000000e0000000,0x00000000e0000000,0x00000000eba80000)
  from space 45056K, 23% used [0x00000000eba80000,0x00000000ec4cd650,0x00000000ee680000)
  to   space 44032K, 0% used [0x00000000f0000000,0x00000000f0000000,0x00000000f2b00000)
 ParOldGen       total 130560K, used 111597K [0x00000000a0000000, 0x00000000a7f80000, 0x00000000e0000000)
  object space 130560K, 85% used [0x00000000a0000000,0x00000000a6cfb570,0x00000000a7f80000)
 Metaspace       used 98692K, capacity 105446K, committed 106752K, reserved 1142784K
  class space    used 12392K, capacity 13480K, committed 13824K, reserved 1048576K
}
Event: 9960.561 GC heap before
{Heap before GC invocations=83 (full 5):
 PSYoungGen      total 236032K, used 201525K [0x00000000e0000000, 0x00000000f2b00000, 0x0000000100000000)
  eden space 190976K, 100% used [0x00000000e0000000,0x00000000eba80000,0x00000000eba80000)
  from space 45056K, 23% used [0x00000000eba80000,0x00000000ec4cd650,0x00000000ee680000)
  to   space 44032K, 0% used [0x00000000f0000000,0x00000000f0000000,0x00000000f2b00000)
 ParOldGen       total 130560K, used 111597K [0x00000000a0000000, 0x00000000a7f80000, 0x00000000e0000000)
  object space 130560K, 85% used [0x00000000a0000000,0x00000000a6cfb570,0x00000000a7f80000)
 Metaspace       used 98745K, capacity 105462K, committed 106752K, reserved 1142784K
  class space    used 12393K, capacity 13482K, committed 13824K, reserved 1048576K
Event: 9960.652 GC heap after
Heap after GC invocations=83 (full 5):
 PSYoungGen      total 252928K, used 18179K [0x00000000e0000000, 0x00000000f2400000, 0x0000000100000000)
  eden space 216064K, 0% used [0x00000000e0000000,0x00000000e0000000,0x00000000ed300000)
  from space 36864K, 49% used [0x00000000f0000000,0x00000000f11c0f10,0x00000000f2400000)
  to   space 41472K, 0% used [0x00000000ed300000,0x00000000ed300000,0x00000000efb80000)
 ParOldGen       total 130560K, used 111760K [0x00000000a0000000, 0x00000000a7f80000, 0x00000000e0000000)
  object space 130560K, 85% used [0x00000000a0000000,0x00000000a6d24108,0x00000000a7f80000)
 Metaspace       used 98745K, capacity 105462K, committed 106752K, reserved 1142784K
  class space    used 12393K, capacity 13482K, committed 13824K, reserved 1048576K
}
Event: 10099.206 GC heap before
{Heap before GC invocations=84 (full 5):
 PSYoungGen      total 252928K, used 234243K [0x00000000e0000000, 0x00000000f2400000, 0x0000000100000000)
  eden space 216064K, 100% used [0x00000000e0000000,0x00000000ed300000,0x00000000ed300000)
  from space 36864K, 49% used [0x00000000f0000000,0x00000000f11c0f10,0x00000000f2400000)
  to   space 41472K, 0% used [0x00000000ed300000,0x00000000ed300000,0x00000000efb80000)
 ParOldGen       total 130560K, used 111760K [0x00000000a0000000, 0x00000000a7f80000, 0x00000000e0000000)
  object space 130560K, 85% used [0x00000000a0000000,0x00000000a6d24108,0x00000000a7f80000)
 Metaspace       used 98827K, capacity 105530K, committed 106752K, reserved 1142784K
  class space    used 12393K, capacity 13482K, committed 13824K, reserved 1048576K
Event: 10099.233 GC heap after
Heap after GC invocations=84 (full 5):
 PSYoungGen      total 257536K, used 8632K [0x00000000e0000000, 0x00000000f2400000, 0x0000000100000000)
  eden space 216064K, 0% used [0x00000000e0000000,0x00000000e0000000,0x00000000ed300000)
  from space 41472K, 20% used [0x00000000ed300000,0x00000000edb6e160,0x00000000efb80000)
  to   space 36864K, 0% used [0x00000000f0000000,0x00000000f0000000,0x00000000f2400000)
 ParOldGen       total 130560K, used 112685K [0x00000000a0000000, 0x00000000a7f80000, 0x00000000e0000000)
  object space 130560K, 86% used [0x00000000a0000000,0x00000000a6e0b728,0x00000000a7f80000)
 Metaspace       used 98827K, capacity 105530K, committed 106752K, reserved 1142784K
  class space    used 12393K, capacity 13482K, committed 13824K, reserved 1048576K
}
Event: 10133.737 GC heap before
{Heap before GC invocations=85 (full 5):
 PSYoungGen      total 257536K, used 224696K [0x00000000e0000000, 0x00000000f2400000, 0x0000000100000000)
  eden space 216064K, 100% used [0x00000000e0000000,0x00000000ed300000,0x00000000ed300000)
  from space 41472K, 20% used [0x00000000ed300000,0x00000000edb6e160,0x00000000efb80000)
  to   space 36864K, 0% used [0x00000000f0000000,0x00000000f0000000,0x00000000f2400000)
 ParOldGen       total 130560K, used 112685K [0x00000000a0000000, 0x00000000a7f80000, 0x00000000e0000000)
  object space 130560K, 86% used [0x00000000a0000000,0x00000000a6e0b728,0x00000000a7f80000)
 Metaspace       used 98883K, capacity 105684K, committed 107008K, reserved 1142784K
  class space    used 12397K, capacity 13487K, committed 13824K, reserved 1048576K
Event: 10133.760 GC heap after
Heap after GC invocations=85 (full 5):
 PSYoungGen      total 258560K, used 6377K [0x00000000e0000000, 0x00000000f3800000, 0x0000000100000000)
  eden space 221696K, 0% used [0x00000000e0000000,0x00000000e0000000,0x00000000ed880000)
  from space 36864K, 17% used [0x00000000f0000000,0x00000000f063a5a0,0x00000000f2400000)
  to   space 40448K, 0% used [0x00000000ed880000,0x00000000ed880000,0x00000000f0000000)
 ParOldGen       total 130560K, used 112781K [0x00000000a0000000, 0x00000000a7f80000, 0x00000000e0000000)
  object space 130560K, 86% used [0x00000000a0000000,0x00000000a6e23738,0x00000000a7f80000)
 Metaspace       used 98883K, capacity 105684K, committed 107008K, reserved 1142784K
  class space    used 12397K, capacity 13487K, committed 13824K, reserved 1048576K
}

Deoptimization events (10 events):
Event: 10121.846 Thread 0x000000001e17f800 Uncommon trap: reason=class_check action=maybe_recompile pc=0x0000000006b0f97c method=com.android.utils.XmlUtils.hasElementChildren(Lorg/w3c/dom/Node;)Z @ 1
Event: 10121.846 Thread 0x000000001e17f800 Uncommon trap: reason=class_check action=maybe_recompile pc=0x0000000006b0f97c method=com.android.utils.XmlUtils.hasElementChildren(Lorg/w3c/dom/Node;)Z @ 1
Event: 10122.403 Thread 0x000000001e17f800 Uncommon trap: reason=bimorphic action=maybe_recompile pc=0x00000000063a3d9c method=java.util.Collections$UnmodifiableMap.get(Ljava/lang/Object;)Ljava/lang/Object; @ 5
Event: 10122.403 Thread 0x000000001e17f800 Uncommon trap: reason=class_check action=maybe_recompile pc=0x0000000004efb94c method=com.google.gson.stream.JsonWriter.string(Ljava/lang/String;)V @ 117
Event: 10122.404 Thread 0x000000001e17f800 Uncommon trap: reason=bimorphic action=maybe_recompile pc=0x00000000063a3d9c method=java.util.Collections$UnmodifiableMap.get(Ljava/lang/Object;)Ljava/lang/Object; @ 5
Event: 10122.419 Thread 0x000000001e17f800 Uncommon trap: reason=bimorphic action=maybe_recompile pc=0x000000000465a2ec method=org.gradle.internal.logging.text.AbstractLineChoppingStyledTextOutput$StateContext.flushStartLine()V @ 4
Event: 10122.419 Thread 0x000000001e17f800 Uncommon trap: reason=bimorphic action=maybe_recompile pc=0x0000000003aabee8 method=org.gradle.internal.logging.text.AbstractLineChoppingStyledTextOutput$StateContext.flushStartLine()V @ 4
Event: 10133.761 Thread 0x000000001e17f800 Uncommon trap: reason=null_check action=make_not_entrant pc=0x0000000003e63364 method=java.lang.ThreadLocal$ThreadLocalMap.getEntryAfterMiss(Ljava/lang/ThreadLocal;ILjava/lang/ThreadLocal$ThreadLocalMap$Entry;)Ljava/lang/ThreadLocal$ThreadLocalMap$Entry; 
Event: 10182.118 Thread 0x000000001e187000 Uncommon trap: reason=array_check action=maybe_recompile pc=0x000000000471d30c method=java.util.TimSort.mergeHi(IIII)V @ 419
Event: 10182.137 Thread 0x000000001e187000 Uncommon trap: reason=unstable_if action=reinterpret pc=0x00000000046fee08 method=com.android.ide.common.resources.MergedResourceWriter.postWriteAction()V @ 130

Classes redefined (0 events):
No events

Internal exceptions (10 events):
Event: 10182.103 Thread 0x000000001e187000 Exception <a 'java/lang/NoSuchMethodError': <clinit>> (0x00000000e9ab3d38) thrown at [D:\src\AOSP-openjdk-cygwin\jdk8u\hotspot\src\share\vm\prims\jni.cpp, line 1614]
Event: 10182.108 Thread 0x000000001e187000 Exception <a 'java/lang/NoSuchMethodError': <clinit>> (0x00000000e9afac78) thrown at [D:\src\AOSP-openjdk-cygwin\jdk8u\hotspot\src\share\vm\prims\jni.cpp, line 1614]
Event: 10182.118 Thread 0x000000001e187000 Exception <a 'java/lang/NoSuchMethodError': <clinit>> (0x00000000e9b52ce8) thrown at [D:\src\AOSP-openjdk-cygwin\jdk8u\hotspot\src\share\vm\prims\jni.cpp, line 1614]
Event: 10182.121 Thread 0x000000001e187000 Exception <a 'java/lang/NoSuchMethodError': <clinit>> (0x00000000e9b77cc8) thrown at [D:\src\AOSP-openjdk-cygwin\jdk8u\hotspot\src\share\vm\prims\jni.cpp, line 1614]
Event: 10182.122 Thread 0x000000001e187000 Exception <a 'java/lang/NoSuchMethodError': <clinit>> (0x00000000e9b7c870) thrown at [D:\src\AOSP-openjdk-cygwin\jdk8u\hotspot\src\share\vm\prims\jni.cpp, line 1614]
Event: 10182.122 Thread 0x000000001e187000 Exception <a 'java/lang/NoSuchMethodError': <clinit>> (0x00000000e9b7fd08) thrown at [D:\src\AOSP-openjdk-cygwin\jdk8u\hotspot\src\share\vm\prims\jni.cpp, line 1614]
Event: 10182.124 Thread 0x000000001e187000 Exception <a 'java/lang/NoSuchMethodError': <clinit>> (0x00000000e9b97330) thrown at [D:\src\AOSP-openjdk-cygwin\jdk8u\hotspot\src\share\vm\prims\jni.cpp, line 1614]
Event: 10182.125 Thread 0x000000001e187000 Exception <a 'java/lang/NoSuchMethodError': <clinit>> (0x00000000e9bacc68) thrown at [D:\src\AOSP-openjdk-cygwin\jdk8u\hotspot\src\share\vm\prims\jni.cpp, line 1614]
Event: 10182.127 Thread 0x000000001e187000 Exception <a 'java/lang/NoSuchMethodError': <clinit>> (0x00000000e9bca208) thrown at [D:\src\AOSP-openjdk-cygwin\jdk8u\hotspot\src\share\vm\prims\jni.cpp, line 1614]
Event: 10182.128 Thread 0x000000001e187000 Exception <a 'java/lang/NoSuchMethodError': <clinit>> (0x00000000e9bdd4b8) thrown at [D:\src\AOSP-openjdk-cygwin\jdk8u\hotspot\src\share\vm\prims\jni.cpp, line 1614]

Events (10 events):
Event: 10182.496 Thread 0x000000001e18c000 DEOPT PACKING pc=0x0000000004e5c93c sp=0x00000000261fd9c0
Event: 10182.496 Thread 0x000000001e18c000 DEOPT UNPACKING pc=0x00000000024e75d0 sp=0x00000000261fd600 mode 0
Event: 10182.510 Thread 0x000000001e18c000 DEOPT PACKING pc=0x0000000004e5c93c sp=0x00000000261fd980
Event: 10182.510 Thread 0x000000001e18c000 DEOPT UNPACKING pc=0x00000000024e75d0 sp=0x00000000261fd5c0 mode 0
Event: 10182.511 Thread 0x000000001e18c000 DEOPT PACKING pc=0x0000000004e5c93c sp=0x00000000261fd980
Event: 10182.511 Thread 0x000000001e18c000 DEOPT UNPACKING pc=0x00000000024e75d0 sp=0x00000000261fd5c0 mode 0
Event: 10182.512 Thread 0x000000001e18c000 DEOPT PACKING pc=0x0000000004e5c93c sp=0x00000000261fd990
Event: 10182.512 Thread 0x000000001e18c000 DEOPT UNPACKING pc=0x00000000024e75d0 sp=0x00000000261fd5d0 mode 0
Event: 10182.524 Thread 0x000000001e18c000 DEOPT PACKING pc=0x0000000004e5c93c sp=0x00000000261fd990
Event: 10182.524 Thread 0x000000001e18c000 DEOPT UNPACKING pc=0x00000000024e75d0 sp=0x00000000261fd5d0 mode 0


Dynamic libraries:
0x00007ff618a30000 - 0x00007ff618a61000 	C:\Program Files\Android\Android Studio\jre\bin\java.exe
0x00007ffb8be50000 - 0x00007ffb8bffd000 	C:\Windows\SYSTEM32\ntdll.dll
0x00007ffb89810000 - 0x00007ffb8994f000 	C:\Windows\system32\KERNEL32.DLL
0x00007ffb89180000 - 0x00007ffb89295000 	C:\Windows\system32\KERNELBASE.dll
0x00007ffb8ba20000 - 0x00007ffb8baca000 	C:\Windows\system32\ADVAPI32.dll
0x00007ffb89b10000 - 0x00007ffb89c87000 	C:\Windows\system32\USER32.dll
0x00007ffb86aa0000 - 0x00007ffb86d1b000 	C:\Windows\WinSxS\amd64_microsoft.windows.common-controls_6595b64144ccf1df_6.0.9600.19394_none_62486577ecb635cf\COMCTL32.dll
0x00007ffb8b970000 - 0x00007ffb8ba1a000 	C:\Windows\system32\msvcrt.dll
0x00007ffb8a260000 - 0x00007ffb8a2b9000 	C:\Windows\SYSTEM32\sechost.dll
0x00007ffb89de0000 - 0x00007ffb89f20000 	C:\Windows\system32\RPCRT4.dll
0x00007ffb8bad0000 - 0x00007ffb8bc1c000 	C:\Windows\system32\GDI32.dll
0x00007ffb89050000 - 0x00007ffb8907e000 	C:\Windows\system32\SspiCli.dll
0x00007ffb8b860000 - 0x00007ffb8b896000 	C:\Windows\system32\IMM32.DLL
0x00007ffb89f20000 - 0x00007ffb8a071000 	C:\Windows\system32\MSCTF.dll
0x00000000697e0000 - 0x00000000698b2000 	C:\Program Files\Android\Android Studio\jre\jre\bin\msvcr100.dll
0x0000000068b40000 - 0x0000000069386000 	C:\Program Files\Android\Android Studio\jre\jre\bin\server\jvm.dll
0x00007ffb878b0000 - 0x00007ffb878b9000 	C:\Windows\SYSTEM32\WSOCK32.dll
0x00007ffb759f0000 - 0x00007ffb75a12000 	C:\Windows\SYSTEM32\WINMM.dll
0x00007ffb83960000 - 0x00007ffb8396a000 	C:\Windows\SYSTEM32\VERSION.dll
0x00007ffb89dc0000 - 0x00007ffb89dc7000 	C:\Windows\system32\PSAPI.DLL
0x00007ffb89d60000 - 0x00007ffb89dba000 	C:\Windows\system32\WS2_32.dll
0x00007ffb759c0000 - 0x00007ffb759ea000 	C:\Windows\SYSTEM32\WINMMBASE.dll
0x00007ffb89800000 - 0x00007ffb89809000 	C:\Windows\system32\NSI.dll
0x00007ffb89080000 - 0x00007ffb890cf000 	C:\Windows\SYSTEM32\cfgmgr32.dll
0x00007ffb87dc0000 - 0x00007ffb87de8000 	C:\Windows\SYSTEM32\DEVOBJ.dll
0x00007ffb878a0000 - 0x00007ffb878af000 	C:\Program Files\Android\Android Studio\jre\jre\bin\verify.dll
0x00007ffb85500000 - 0x00007ffb85529000 	C:\Program Files\Android\Android Studio\jre\jre\bin\java.dll
0x00007ffb854e0000 - 0x00007ffb854f6000 	C:\Program Files\Android\Android Studio\jre\jre\bin\zip.dll
0x00007ffb8a2c0000 - 0x00007ffb8b7ea000 	C:\Windows\system32\SHELL32.dll
0x00007ffb8bc40000 - 0x00007ffb8be50000 	C:\Windows\SYSTEM32\combase.dll
0x00007ffb894e0000 - 0x00007ffb89534000 	C:\Windows\system32\SHLWAPI.dll
0x00007ffb87570000 - 0x00007ffb87622000 	C:\Windows\SYSTEM32\SHCORE.dll
0x00007ffb88f80000 - 0x00007ffb88f95000 	C:\Windows\SYSTEM32\profapi.dll
0x00007ffb854c0000 - 0x00007ffb854da000 	C:\Program Files\Android\Android Studio\jre\jre\bin\net.dll
0x00007ffb752b0000 - 0x00007ffb7543a000 	C:\Windows\SYSTEM32\urlmon.dll
0x00007ffb89660000 - 0x00007ffb897f4000 	C:\Windows\system32\ole32.dll
0x00007ffb75bb0000 - 0x00007ffb75e7c000 	C:\Windows\SYSTEM32\iertutil.dll
0x00007ffb75e80000 - 0x00007ffb7632c000 	C:\Windows\SYSTEM32\WININET.dll
0x00007ffb88540000 - 0x00007ffb88561000 	C:\Windows\SYSTEM32\USERENV.dll
0x00007ffb887b0000 - 0x00007ffb88809000 	C:\Windows\system32\mswsock.dll
0x00007ffb854a0000 - 0x00007ffb854b3000 	C:\Program Files\Android\Android Studio\jre\jre\bin\nio.dll
0x00007ffb6df70000 - 0x00007ffb6df96000 	C:\Users\Edison Ibarra\.gradle\native\30\windows-amd64\native-platform.dll
0x00007ffb85490000 - 0x00007ffb8549d000 	C:\Program Files\Android\Android Studio\jre\jre\bin\management.dll
0x00007ffb88810000 - 0x00007ffb88830000 	C:\Windows\SYSTEM32\CRYPTSP.dll
0x00007ffb88430000 - 0x00007ffb88466000 	C:\Windows\system32\rsaenh.dll
0x00007ffb88a60000 - 0x00007ffb88a86000 	C:\Windows\SYSTEM32\bcrypt.dll
0x00007ffb88d80000 - 0x00007ffb88de3000 	C:\Windows\system32\bcryptprimitives.dll
0x00007ffb88df0000 - 0x00007ffb88dfb000 	C:\Windows\SYSTEM32\CRYPTBASE.dll
0x00007ffb83090000 - 0x00007ffb830ba000 	C:\Windows\SYSTEM32\IPHLPAPI.DLL
0x00007ffb83080000 - 0x00007ffb8308a000 	C:\Windows\SYSTEM32\WINNSI.DLL
0x00007ffb81880000 - 0x00007ffb81896000 	C:\Windows\SYSTEM32\dhcpcsvc6.DLL
0x00007ffb82870000 - 0x00007ffb8288a000 	C:\Windows\SYSTEM32\dhcpcsvc.DLL
0x00007ffb602e0000 - 0x00007ffb6047c000 	C:\Program Files\Android\Android Studio\jre\jre\bin\awt.dll
0x00007ffb87310000 - 0x00007ffb87331000 	C:\Windows\SYSTEM32\dwmapi.dll
0x00007ffb89c90000 - 0x00007ffb89d57000 	C:\Windows\system32\OLEAUT32.dll
0x00007ffb83b00000 - 0x00007ffb83f81000 	C:\Windows\SYSTEM32\d2d1.dll
0x00007ffb87b40000 - 0x00007ffb87bce000 	C:\Windows\system32\apphelp.dll
0x00007ffb87c70000 - 0x00007ffb87d99000 	C:\Windows\system32\uxtheme.dll

VM Arguments:
jvm_args: -Xmx1536m -Dfile.encoding=windows-1252 -Duser.country=EC -Duser.language=es -Duser.variant 
java_command: org.gradle.launcher.daemon.bootstrap.GradleDaemon 5.6.4
java_class_path (initial): C:\Users\Edison Ibarra\.gradle\wrapper\dists\gradle-5.6.4-all\ankdp27end7byghfw1q2sw75f\gradle-5.6.4\lib\gradle-launcher-5.6.4.jar
Launcher Type: SUN_STANDARD

Environment Variables:
PATH=C:\Program Files\Java\jdk1.8.0_241\bin;C:\Program Files\nodejs;C:\Users\Edison Ibarra\AppData\Local\Programs\MiKTeX 2.9\miktex\bin\x64\;C:\Users\Edison Ibarra\AppData\Local\GitHubDesktop\bin
USERNAME=Edison Ibarra
OS=Windows_NT
PROCESSOR_IDENTIFIER=Intel64 Family 6 Model 61 Stepping 4, GenuineIntel



---------------  S Y S T E M  ---------------

OS: Windows 8.1 , 64 bit Build 9600 (6.3.9600.19719)

CPU:total 2 (initial active 2) (2 cores per cpu, 2 threads per core) family 6 model 61 stepping 4, cmov, cx8, fxsr, mmx, sse, sse2, sse3, ssse3, sse4.1, sse4.2, popcnt, avx, avx2, aes, clmul, erms, 3dnowpref, lzcnt, ht, tsc, tscinvbit, bmi1, bmi2, adx

Memory: 4k page, physical 4103852k(229036k free), swap 4103852k(6760k free)

vm_info: OpenJDK 64-Bit Server VM (25.212-b04) for windows-amd64 JRE (1.8.0_212-release-1586-b04), built by "builder" with MS VC++ 10.0 (VS2010)

time: Tue Jun 16 02:18:34 2020
timezone: Hora est. Pacífico, Sudamérica
elapsed time: 10183 seconds (0d 2h 49m 43s)

